<?xml version="1.0" encoding="UTF-8"?>
<testsuite xmlns:xsi="http://www.w3.org/2001/XMLSchema-instance" xsi:noNamespaceSchemaLocation="https://maven.apache.org/surefire/maven-surefire-plugin/xsd/surefire-test-report.xsd" version="3.0.2" name="com.kibrom.student_id_system.StudentIdSystemApplicationTests" time="7.266" tests="1" errors="0" skipped="0" failures="0" flakes="0">
  <properties>
[...]
</properties>
  <testcase name="contextLoads" classname="com.kibrom.student_id_system.StudentIdSystemApplicationTests" time="0.492">
    <system-out><![CDATA[14:55:19.054 [main] INFO org.springframework.test.context.support.AnnotationConfigContextLoaderUtils -- Could not detect default configuration classes for test class [com.kibrom.student_id_system.StudentIdSystemApplicationTests]: StudentIdSystemApplicationTests does not declare any static, non-private, non-final, nested classes annotated with @Configuration.
14:55:19.210 [main] INFO org.springframework.boot.test.context.SpringBootTestContextBootstrapper -- Found @SpringBootConfiguration com.kibrom.student_id_system.StudentIdSystemApplication for test class com.kibrom.student_id_system.StudentIdSystemApplicationTests
14:55:19.327 [main] INFO org.springframework.test.context.support.AnnotationConfigContextLoaderUtils -- Could not detect default configuration classes for test class [com.kibrom.student_id_system.StudentIdSystemApplicationTests]: StudentIdSystemApplicationTests does not declare any static, non-private, non-final, nested classes annotated with @Configuration.
14:55:19.331 [main] INFO org.springframework.boot.test.context.SpringBootTestContextBootstrapper -- Found @SpringBootConfiguration com.kibrom.student_id_system.StudentIdSystemApplication for test class com.kibrom.student_id_system.StudentIdSystemApplicationTests

  .   ____          _            __ _ _
 /\\ / ___'_ __ _ _(_)_ __  __ _ \ \ \ \
( ( )\___ | '_ | '_| | '_ \/ _` | \ \ \ \
 \\/  ___)| |_)| | | | | || (_| |  ) ) ) )
  '  |____| .__|_| |_|_| |_\__, | / / / /
 =========|_|==============|___/=/_/_/_/

 :: Spring Boot ::                (v4.1.0)

2026-07-22T14:55:19.842+03:00  INFO 92470 --- [student-id-system] [           main] c.k.s.StudentIdSystemApplicationTests    : Starting StudentIdSystemApplicationTests using Java 25.0.3 with PID 92470 (started by kb in /home/kb/TRAIN/DevPki/Sample/student-id-card-system/backend)
2026-07-22T14:55:19.845+03:00  INFO 92470 --- [student-id-system] [           main] c.k.s.StudentIdSystemApplicationTests    : No active profile set, falling back to 1 default profile: "default"
2026-07-22T14:55:20.863+03:00  INFO 92470 --- [student-id-system] [           main] .s.d.r.c.RepositoryConfigurationDelegate : Bootstrapping Spring Data JPA repositories in DEFAULT mode.
2026-07-22T14:55:20.958+03:00  INFO 92470 --- [student-id-system] [           main] .s.d.r.c.RepositoryConfigurationDelegate : Finished Spring Data repository scanning in 82 ms. Found 4 JPA repository interfaces.
2026-07-22T14:55:21.655+03:00  INFO 92470 --- [student-id-system] [           main] org.hibernate.orm.jpa                    : HHH008540: Processing PersistenceUnitInfo [name: default]
2026-07-22T14:55:21.728+03:00  INFO 92470 --- [student-id-system] [           main] org.hibernate.orm.core                   : HHH000001: Hibernate ORM core version 7.4.1.Final
2026-07-22T14:55:22.303+03:00  INFO 92470 --- [student-id-system] [           main] o.s.o.j.p.SpringPersistenceUnitInfo      : No LoadTimeWeaver setup: ignoring JPA class transformer
2026-07-22T14:55:22.349+03:00  INFO 92470 --- [student-id-system] [           main] com.zaxxer.hikari.HikariDataSource       : HikariPool-1 - Starting...
2026-07-22T14:55:22.520+03:00  INFO 92470 --- [student-id-system] [           main] com.zaxxer.hikari.pool.HikariPool        : HikariPool-1 - Added connection org.mariadb.jdbc.Connection@68360fb9
2026-07-22T14:55:22.522+03:00  INFO 92470 --- [student-id-system] [           main] com.zaxxer.hikari.HikariDataSource       : HikariPool-1 - Start completed.
2026-07-22T14:55:22.608+03:00  INFO 92470 --- [student-id-system] [           main] org.hibernate.orm.connections.pooling    : HHH10001005: Database info:
	Database JDBC URL [jdbc:mariadb://localhost/student_id_card_db?user=root&password=***]
	Database driver: MariaDB Connector/J
	Database dialect: MariaDBDialect
	Database version: 11.8.6
	Default catalog/schema: student_id_card_db/undefined
	Autocommit mode: undefined/unknown
	Isolation level: REPEATABLE_READ [default REPEATABLE_READ]
	JDBC fetch size: none
	Pool: DataSourceConnectionProvider
	Minimum pool size: undefined/unknown
	Maximum pool size: undefined/unknown
2026-07-22T14:55:24.071+03:00  INFO 92470 --- [student-id-system] [           main] org.hibernate.orm.core                   : HHH000489: No JTA platform available (set 'hibernate.transaction.jta.platform' to enable JTA platform integration)
2026-07-22T14:55:24.152+03:00  INFO 92470 --- [student-id-system] [           main] j.LocalContainerEntityManagerFactoryBean : Initialized JPA EntityManagerFactory for persistence unit 'default'
2026-07-22T14:55:24.264+03:00  INFO 92470 --- [student-id-system] [           main] o.s.d.j.r.query.QueryEnhancerFactories   : Hibernate is in classpath; If applicable, HQL parser will be used.
2026-07-22T14:55:24.836+03:00  INFO 92470 --- [student-id-system] [           main] r$InitializeUserDetailsManagerConfigurer : Global AuthenticationManager configured with UserDetailsService bean with name customUserDetailsService
2026-07-22T14:55:25.537+03:00  INFO 92470 --- [student-id-system] [           main] c.k.s.StudentIdSystemApplicationTests    : Started StudentIdSystemApplicationTests in 6.117 seconds (process running for 8.006)
]]></system-out>
    <system-err><![CDATA[Mockito is currently self-attaching to enable the inline-mock-maker. This will no longer work in future releases of the JDK. Please add Mockito as an agent to your build as described in Mockito's documentation: https://javadoc.io/doc/org.mockito/mockito-core/latest/org.mockito/org/mockito/Mockito.html#0.3
WARNING: A Java agent has been loaded dynamically (/home/kb/.m2/repository/net/bytebuddy/byte-buddy-agent/1.18.10/byte-buddy-agent-1.18.10.jar)
WARNING: If a serviceability tool is in use, please run with -XX:+EnableDynamicAgentLoading to hide this warning
WARNING: If a serviceability tool is not in use, please run with -Djdk.instrument.traceUsage for more information
WARNING: Dynamic loading of agents will be disallowed by default in a future release
]]></system-err>
  </testcase>
</testsuite>